<?xml version="1.0" encoding="UTF-8"?>
<!-- Generated by org.testng.reporters.JUnitXMLReporter -->
<testsuite ignored="0" hostname="DESKTOP-TV5SK76" failures="0" tests="3" name="CRM test cases" time="66.829" errors="0" timestamp="2023-11-13T12:47:17 IST">
  <testcase classname="com.crm.qa.testcase.LoginPageTest" name="loginPageTitleTest" time="0.034"/>
  <testcase classname="com.crm.qa.testcase.LoginPageTest" name="crmImageTest" time="0.121"/>
  <testcase classname="com.crm.qa.testcase.LoginPageTest" name="loginTest" time="14.233"/>
</testsuite> <!-- CRM test cases -->
