<?xml version="1.0" encoding="UTF-8"?>
<!-- Generated by org.testng.reporters.JUnitXMLReporter -->
<testsuite ignored="0" hostname="DESKTOP-TV5SK76" failures="0" tests="9" name="CRM test cases" time="258.226" errors="0" timestamp="2023-11-12T21:31:26 IST">
  <testcase classname="com.crm.qa.testcase.LoginPageTest" name="loginPageTitleTest" time="0.021"/>
  <testcase classname="com.crm.qa.testcase.LoginPageTest" name="crmImageTest" time="0.068"/>
  <testcase classname="com.crm.qa.testcase.LoginPageTest" name="loginTest" time="14.191"/>
  <testcase classname="com.crm.qa.testcase.HomePageTest" name="verifyContactLink" time="2.946"/>
  <testcase classname="com.crm.qa.testcase.HomePageTest" name="verifyhomePageTitleTest" time="0.01"/>
  <testcase classname="com.crm.qa.testcase.HomePageTest" name="verifyUserName" time="0.068"/>
  <testcase classname="com.crm.qa.testcase.ContactPageTest" name="verifyContactLabel" time="0.059"/>
  <testcase classname="com.crm.qa.testcase.ContactPageTest" name="selectContactTest" time="2.686"/>
  <testcase classname="com.crm.qa.testcase.ContactPageTest" name="selectmultiContactTest" time="2.622"/>
</testsuite> <!-- CRM test cases -->
