<?xml version="1.0" encoding="UTF-8"?>
<!-- Generated by org.testng.reporters.JUnitXMLReporter -->
<testsuite ignored="0" hostname="DESKTOP-TV5SK76" failures="0" tests="3" name="Default test" time="72.563" errors="0" timestamp="2023-11-13T12:53:16 IST">
  <testcase classname="com.crm.qa.testcase.LoginPageTest" name="loginPageTitleTest" time="0.065"/>
  <testcase classname="com.crm.qa.testcase.LoginPageTest" name="crmImageTest" time="0.095"/>
  <testcase classname="com.crm.qa.testcase.LoginPageTest" name="loginTest" time="14.605"/>
</testsuite> <!-- Default test -->
