<?xml version="1.0" encoding="UTF-8"?>
<!-- Generated by org.testng.reporters.JUnitXMLReporter -->
<testsuite ignored="0" hostname="DESKTOP-TV5SK76" failures="0" tests="3" name="Default test" time="117.449" errors="0" timestamp="2023-11-12T21:15:01 IST">
  <testcase classname="com.crm.qa.testcase.ContactPageTest" name="verifyContactLabel" time="0.079"/>
  <testcase classname="com.crm.qa.testcase.ContactPageTest" name="selectContactTest" time="2.774"/>
  <testcase classname="com.crm.qa.testcase.ContactPageTest" name="selectmultiContactTest" time="2.79"/>
</testsuite> <!-- Default test -->
