<?xml version="1.0" encoding="UTF-8"?>
<testng-results ignored="0" total="3" passed="3" failed="0" skipped="0">
  <reporter-output>
  </reporter-output>
  <suite started-at="2023-11-13T12:52:04 IST" name="Default suite" finished-at="2023-11-13T12:53:16 IST" duration-ms="72563">
    <groups>
    </groups>
    <test started-at="2023-11-13T12:52:04 IST" name="Default test" finished-at="2023-11-13T12:53:16 IST" duration-ms="72563">
      <class name="com.crm.qa.testcase.LoginPageTest">
        <test-method is-config="true" signature="setup()[pri:0, instance:com.crm.qa.testcase.LoginPageTest@229c6181]" started-at="2023-11-13T12:52:04 IST" name="setup" finished-at="2023-11-13T12:52:24 IST" duration-ms="20526" status="PASS">
          <reporter-output>
          </reporter-output>
        </test-method> <!-- setup -->
        <test-method signature="loginPageTitleTest()[pri:1, instance:com.crm.qa.testcase.LoginPageTest@229c6181]" started-at="2023-11-13T12:52:24 IST" name="loginPageTitleTest" finished-at="2023-11-13T12:52:24 IST" duration-ms="65" status="PASS">
          <reporter-output>
          </reporter-output>
        </test-method> <!-- loginPageTitleTest -->
        <test-method is-config="true" signature="tearDown()[pri:0, instance:com.crm.qa.testcase.LoginPageTest@229c6181]" started-at="2023-11-13T12:52:24 IST" name="tearDown" finished-at="2023-11-13T12:52:25 IST" duration-ms="558" status="PASS">
          <reporter-output>
          </reporter-output>
        </test-method> <!-- tearDown -->
        <test-method is-config="true" signature="setup()[pri:0, instance:com.crm.qa.testcase.LoginPageTest@229c6181]" started-at="2023-11-13T12:52:25 IST" name="setup" finished-at="2023-11-13T12:52:43 IST" duration-ms="17802" status="PASS">
          <reporter-output>
          </reporter-output>
        </test-method> <!-- setup -->
        <test-method signature="crmImageTest()[pri:2, instance:com.crm.qa.testcase.LoginPageTest@229c6181]" started-at="2023-11-13T12:52:43 IST" name="crmImageTest" finished-at="2023-11-13T12:52:43 IST" duration-ms="95" status="PASS">
          <reporter-output>
          </reporter-output>
        </test-method> <!-- crmImageTest -->
        <test-method is-config="true" signature="tearDown()[pri:0, instance:com.crm.qa.testcase.LoginPageTest@229c6181]" started-at="2023-11-13T12:52:43 IST" name="tearDown" finished-at="2023-11-13T12:52:43 IST" duration-ms="293" status="PASS">
          <reporter-output>
          </reporter-output>
        </test-method> <!-- tearDown -->
        <test-method is-config="true" signature="setup()[pri:0, instance:com.crm.qa.testcase.LoginPageTest@229c6181]" started-at="2023-11-13T12:52:43 IST" name="setup" finished-at="2023-11-13T12:53:01 IST" duration-ms="17455" status="PASS">
          <reporter-output>
          </reporter-output>
        </test-method> <!-- setup -->
        <test-method signature="loginTest()[pri:3, instance:com.crm.qa.testcase.LoginPageTest@229c6181]" started-at="2023-11-13T12:53:01 IST" name="loginTest" finished-at="2023-11-13T12:53:15 IST" duration-ms="14605" status="PASS">
          <reporter-output>
          </reporter-output>
        </test-method> <!-- loginTest -->
        <test-method is-config="true" signature="tearDown()[pri:0, instance:com.crm.qa.testcase.LoginPageTest@229c6181]" started-at="2023-11-13T12:53:15 IST" name="tearDown" finished-at="2023-11-13T12:53:16 IST" duration-ms="1052" status="PASS">
          <reporter-output>
          </reporter-output>
        </test-method> <!-- tearDown -->
      </class> <!-- com.crm.qa.testcase.LoginPageTest -->
    </test> <!-- Default test -->
  </suite> <!-- Default suite -->
</testng-results>
