<?xml version="1.0" encoding="UTF-8"?>
<testng-results ignored="0" total="9" passed="9" failed="0" skipped="0">
  <reporter-output>
  </reporter-output>
  <suite started-at="2023-11-12T21:27:08 IST" name="Free CRM Application Automation Test suit" finished-at="2023-11-12T21:31:26 IST" duration-ms="258226">
    <groups>
    </groups>
    <test started-at="2023-11-12T21:27:08 IST" name="CRM test cases" finished-at="2023-11-12T21:31:26 IST" duration-ms="258226">
      <class name="com.crm.qa.testcase.HomePageTest">
        <test-method is-config="true" signature="setup()[pri:0, instance:com.crm.qa.testcase.HomePageTest@4b741d6d]" started-at="2023-11-12T21:28:10 IST" name="setup" finished-at="2023-11-12T21:28:40 IST" duration-ms="30020" status="PASS">
          <reporter-output>
          </reporter-output>
        </test-method> <!-- setup -->
        <test-method signature="verifyContactLink()[pri:0, instance:com.crm.qa.testcase.HomePageTest@4b741d6d]" started-at="2023-11-12T21:28:40 IST" name="verifyContactLink" finished-at="2023-11-12T21:28:43 IST" duration-ms="2946" status="PASS">
          <reporter-output>
          </reporter-output>
        </test-method> <!-- verifyContactLink -->
        <test-method is-config="true" signature="teardown()[pri:0, instance:com.crm.qa.testcase.HomePageTest@4b741d6d]" started-at="2023-11-12T21:28:43 IST" name="teardown" finished-at="2023-11-12T21:28:44 IST" duration-ms="252" status="PASS">
          <reporter-output>
          </reporter-output>
        </test-method> <!-- teardown -->
        <test-method is-config="true" signature="setup()[pri:0, instance:com.crm.qa.testcase.HomePageTest@4b741d6d]" started-at="2023-11-12T21:28:44 IST" name="setup" finished-at="2023-11-12T21:29:13 IST" duration-ms="29759" status="PASS">
          <reporter-output>
          </reporter-output>
        </test-method> <!-- setup -->
        <test-method signature="verifyhomePageTitleTest()[pri:0, instance:com.crm.qa.testcase.HomePageTest@4b741d6d]" started-at="2023-11-12T21:29:13 IST" name="verifyhomePageTitleTest" finished-at="2023-11-12T21:29:13 IST" duration-ms="10" status="PASS">
          <reporter-output>
          </reporter-output>
        </test-method> <!-- verifyhomePageTitleTest -->
        <test-method is-config="true" signature="teardown()[pri:0, instance:com.crm.qa.testcase.HomePageTest@4b741d6d]" started-at="2023-11-12T21:29:13 IST" name="teardown" finished-at="2023-11-12T21:29:14 IST" duration-ms="252" status="PASS">
          <reporter-output>
          </reporter-output>
        </test-method> <!-- teardown -->
        <test-method is-config="true" signature="setup()[pri:0, instance:com.crm.qa.testcase.HomePageTest@4b741d6d]" started-at="2023-11-12T21:29:14 IST" name="setup" finished-at="2023-11-12T21:29:44 IST" duration-ms="29805" status="PASS">
          <reporter-output>
          </reporter-output>
        </test-method> <!-- setup -->
        <test-method signature="verifyUserName()[pri:2, instance:com.crm.qa.testcase.HomePageTest@4b741d6d]" started-at="2023-11-12T21:29:44 IST" name="verifyUserName" finished-at="2023-11-12T21:29:44 IST" duration-ms="68" status="PASS">
          <reporter-output>
          </reporter-output>
        </test-method> <!-- verifyUserName -->
        <test-method is-config="true" signature="teardown()[pri:0, instance:com.crm.qa.testcase.HomePageTest@4b741d6d]" started-at="2023-11-12T21:29:44 IST" name="teardown" finished-at="2023-11-12T21:29:44 IST" duration-ms="439" status="PASS">
          <reporter-output>
          </reporter-output>
        </test-method> <!-- teardown -->
      </class> <!-- com.crm.qa.testcase.HomePageTest -->
      <class name="com.crm.qa.testcase.ContactPageTest">
        <test-method is-config="true" signature="setup()[pri:0, instance:com.crm.qa.testcase.ContactPageTest@2eae8e6e]" started-at="2023-11-12T21:29:44 IST" name="setup" finished-at="2023-11-12T21:30:16 IST" duration-ms="31691" status="PASS">
          <reporter-output>
          </reporter-output>
        </test-method> <!-- setup -->
        <test-method signature="verifyContactLabel()[pri:1, instance:com.crm.qa.testcase.ContactPageTest@2eae8e6e]" started-at="2023-11-12T21:30:16 IST" name="verifyContactLabel" finished-at="2023-11-12T21:30:16 IST" duration-ms="59" status="PASS">
          <reporter-output>
          </reporter-output>
        </test-method> <!-- verifyContactLabel -->
        <test-method is-config="true" signature="teardown()[pri:0, instance:com.crm.qa.testcase.ContactPageTest@2eae8e6e]" started-at="2023-11-12T21:30:16 IST" name="teardown" finished-at="2023-11-12T21:30:16 IST" duration-ms="389" status="PASS">
          <reporter-output>
          </reporter-output>
        </test-method> <!-- teardown -->
        <test-method is-config="true" signature="setup()[pri:0, instance:com.crm.qa.testcase.ContactPageTest@2eae8e6e]" started-at="2023-11-12T21:30:16 IST" name="setup" finished-at="2023-11-12T21:30:49 IST" duration-ms="32398" status="PASS">
          <reporter-output>
          </reporter-output>
        </test-method> <!-- setup -->
        <test-method signature="selectContactTest()[pri:2, instance:com.crm.qa.testcase.ContactPageTest@2eae8e6e]" started-at="2023-11-12T21:30:49 IST" name="selectContactTest" finished-at="2023-11-12T21:30:51 IST" duration-ms="2686" status="PASS">
          <reporter-output>
          </reporter-output>
        </test-method> <!-- selectContactTest -->
        <test-method is-config="true" signature="teardown()[pri:0, instance:com.crm.qa.testcase.ContactPageTest@2eae8e6e]" started-at="2023-11-12T21:30:51 IST" name="teardown" finished-at="2023-11-12T21:30:51 IST" duration-ms="235" status="PASS">
          <reporter-output>
          </reporter-output>
        </test-method> <!-- teardown -->
        <test-method is-config="true" signature="setup()[pri:0, instance:com.crm.qa.testcase.ContactPageTest@2eae8e6e]" started-at="2023-11-12T21:30:51 IST" name="setup" finished-at="2023-11-12T21:31:23 IST" duration-ms="31619" status="PASS">
          <reporter-output>
          </reporter-output>
        </test-method> <!-- setup -->
        <test-method signature="selectmultiContactTest()[pri:3, instance:com.crm.qa.testcase.ContactPageTest@2eae8e6e]" started-at="2023-11-12T21:31:23 IST" name="selectmultiContactTest" finished-at="2023-11-12T21:31:26 IST" duration-ms="2622" status="PASS">
          <reporter-output>
          </reporter-output>
        </test-method> <!-- selectmultiContactTest -->
        <test-method is-config="true" signature="teardown()[pri:0, instance:com.crm.qa.testcase.ContactPageTest@2eae8e6e]" started-at="2023-11-12T21:31:26 IST" name="teardown" finished-at="2023-11-12T21:31:26 IST" duration-ms="255" status="PASS">
          <reporter-output>
          </reporter-output>
        </test-method> <!-- teardown -->
      </class> <!-- com.crm.qa.testcase.ContactPageTest -->
      <class name="com.crm.qa.testcase.LoginPageTest">
        <test-method is-config="true" signature="setup()[pri:0, instance:com.crm.qa.testcase.LoginPageTest@7b36aa0c]" started-at="2023-11-12T21:27:08 IST" name="setup" finished-at="2023-11-12T21:27:24 IST" duration-ms="16683" status="PASS">
          <reporter-output>
          </reporter-output>
        </test-method> <!-- setup -->
        <test-method signature="loginPageTitleTest()[pri:1, instance:com.crm.qa.testcase.LoginPageTest@7b36aa0c]" started-at="2023-11-12T21:27:24 IST" name="loginPageTitleTest" finished-at="2023-11-12T21:27:25 IST" duration-ms="21" status="PASS">
          <reporter-output>
          </reporter-output>
        </test-method> <!-- loginPageTitleTest -->
        <test-method is-config="true" signature="tearDown()[pri:0, instance:com.crm.qa.testcase.LoginPageTest@7b36aa0c]" started-at="2023-11-12T21:27:25 IST" name="tearDown" finished-at="2023-11-12T21:27:25 IST" duration-ms="277" status="PASS">
          <reporter-output>
          </reporter-output>
        </test-method> <!-- tearDown -->
        <test-method is-config="true" signature="setup()[pri:0, instance:com.crm.qa.testcase.LoginPageTest@7b36aa0c]" started-at="2023-11-12T21:27:25 IST" name="setup" finished-at="2023-11-12T21:27:40 IST" duration-ms="15500" status="PASS">
          <reporter-output>
          </reporter-output>
        </test-method> <!-- setup -->
        <test-method signature="crmImageTest()[pri:2, instance:com.crm.qa.testcase.LoginPageTest@7b36aa0c]" started-at="2023-11-12T21:27:40 IST" name="crmImageTest" finished-at="2023-11-12T21:27:40 IST" duration-ms="68" status="PASS">
          <reporter-output>
          </reporter-output>
        </test-method> <!-- crmImageTest -->
        <test-method is-config="true" signature="tearDown()[pri:0, instance:com.crm.qa.testcase.LoginPageTest@7b36aa0c]" started-at="2023-11-12T21:27:40 IST" name="tearDown" finished-at="2023-11-12T21:27:41 IST" duration-ms="214" status="PASS">
          <reporter-output>
          </reporter-output>
        </test-method> <!-- tearDown -->
        <test-method is-config="true" signature="setup()[pri:0, instance:com.crm.qa.testcase.LoginPageTest@7b36aa0c]" started-at="2023-11-12T21:27:41 IST" name="setup" finished-at="2023-11-12T21:27:56 IST" duration-ms="15454" status="PASS">
          <reporter-output>
          </reporter-output>
        </test-method> <!-- setup -->
        <test-method signature="loginTest()[pri:3, instance:com.crm.qa.testcase.LoginPageTest@7b36aa0c]" started-at="2023-11-12T21:27:56 IST" name="loginTest" finished-at="2023-11-12T21:28:10 IST" duration-ms="14191" status="PASS">
          <reporter-output>
          </reporter-output>
        </test-method> <!-- loginTest -->
        <test-method is-config="true" signature="tearDown()[pri:0, instance:com.crm.qa.testcase.LoginPageTest@7b36aa0c]" started-at="2023-11-12T21:28:10 IST" name="tearDown" finished-at="2023-11-12T21:28:10 IST" duration-ms="227" status="PASS">
          <reporter-output>
          </reporter-output>
        </test-method> <!-- tearDown -->
      </class> <!-- com.crm.qa.testcase.LoginPageTest -->
    </test> <!-- CRM test cases -->
  </suite> <!-- Free CRM Application Automation Test suit -->
</testng-results>
